<?xml version="1.0" encoding="UTF-8"?>
<!-- Generated by org.testng.reporters.JUnitReportReporter -->
<testsuite skipped="0" hostname="DESKTOP-8DUI1RP" name="qaclickacademy.AppiumTest" tests="2" failures="0" timestamp="19 Aug 2019 09:57:32 GMT" time="0.009" errors="0">
  <testcase name="NativeAPpAndroid" time="0.000" classname="qaclickacademy.AppiumTest"/>
  <testcase name="IOSApps" time="0.009" classname="qaclickacademy.AppiumTest"/>
</testsuite> <!-- qaclickacademy.AppiumTest -->
