<?xml version="1.0" encoding="UTF-8"?>
<!-- Generated by org.testng.reporters.JUnitReportReporter -->
<testsuite skipped="0" hostname="DESKTOP-8DUI1RP" name="qaclickacademy.RESTAPITest" tests="2" failures="0" timestamp="19 Aug 2019 09:57:32 GMT" time="0.005" errors="0">
  <testcase name="postJira" time="0.002" classname="qaclickacademy.RESTAPITest"/>
  <testcase name="deleteTwitter" time="0.003" classname="qaclickacademy.RESTAPITest"/>
</testsuite> <!-- qaclickacademy.RESTAPITest -->
